<?xml version="1.0" encoding="UTF-8"?>
<!-- Generated by org.testng.reporters.JUnitReportReporter -->
<testsuite name="org.adactinhotel.Adactinlogin" tests="6" time="16.589" ignored="0" failures="0" timestamp="15 Sep 2023 14:59:22 GMT" skipped="0" hostname="vijay" errors="0">
  <testcase name="methode2" time="1.079" classname="org.adactinhotel.Adactinlogin"/>
  <testcase name="methode5" time="1.542" classname="org.adactinhotel.Adactinlogin"/>
  <testcase name="methode3" time="1.667" classname="org.adactinhotel.Adactinlogin"/>
  <testcase name="methode1" time="11.248" classname="org.adactinhotel.Adactinlogin"/>
  <testcase name="methode4" time="0.666" classname="org.adactinhotel.Adactinlogin"/>
  <testcase name="methode6" time="0.387" classname="org.adactinhotel.Adactinlogin"/>
</testsuite> <!-- org.adactinhotel.Adactinlogin -->
