<?xml version="1.0" encoding="UTF-8"?>
<!-- Generated by org.testng.reporters.JUnitReportReporter -->
<testsuite name="org.adactinhotel.Testcase1" tests="4" time="4.749" ignored="0" failures="0" timestamp="15 Sep 2023 15:00:27 GMT" skipped="0" hostname="vijay" errors="0">
  <testcase name="tc2" time="4.740" classname="org.adactinhotel.Testcase1"/>
  <testcase name="sample1" time="0.007" classname="org.adactinhotel.Testcase1"/>
  <testcase name="sample3" time="0.001" classname="org.adactinhotel.Testcase1"/>
  <testcase name="sample2" time="0.001" classname="org.adactinhotel.Testcase1"/>
</testsuite> <!-- org.adactinhotel.Testcase1 -->
